<?xml version="1.0" encoding="UTF-8"?>
<!-- Generated by org.testng.reporters.JUnitXMLReporter -->
<testsuite ignored="0" hostname="DESKTOP-J6GQ4T7" failures="0" tests="6" name="Default test" time="101.453" errors="0" timestamp="2025-09-18T20:18:49 IST">
  <testcase classname="testcase.WebTestReport" name="AlertFrameWindowCard" time="12.79"/>
  <testcase classname="testcase.WebTestReport" name="BookStoreApplication" time="19.11"/>
  <testcase classname="testcase.WebTestReport" name="ElementCard" time="14.317"/>
  <testcase classname="testcase.WebTestReport" name="FormCard" time="3.138"/>
  <testcase classname="testcase.WebTestReport" name="InteractionCard" time="1.051"/>
  <testcase classname="testcase.WebTestReport" name="WidgetsCard" time="28.641"/>
</testsuite> <!-- Default test -->
